<?xml version="1.0" encoding="UTF-8"?>
<!-- Generated by org.testng.reporters.JUnitXMLReporter -->
<testsuite hostname="wqa-test-PC" name="Test" tests="6" failures="0" timestamp="5 Feb 2016 07:52:36 GMT" time="47.528" errors="0">
  <testcase name="@BeforeMethod setUp" time="0.0" classname="tests.acceptanceTestCases.TestHomePage">
    <failure type="org.openqa.selenium.WebDriverException" message="Failed to connect to binary FirefoxBinary(C:\Program Files (x86)\Mozilla Firefox\firefox.exe) on port 7055; process output follows: 
 Contributors&amp;quot;]},&amp;quot;visible&amp;quot;:true,&amp;quot;active&amp;quot;:true,&amp;quot;userDisabled&amp;quot;:false,&amp;quot;appDisabled&amp;quot;:false,&amp;quot;descriptor&amp;quot;:&amp;quot;C:\\Program Files (x86)\\Mozilla Firefox\\browser\\extensions\\{972ce4c6-7e08-4474-a285-3208198ce6fd}&amp;quot;,&amp;quot;installDate&amp;quot;:1454649944088,&amp;quot;updateDate&amp;quot;:1454649944088,&amp;quot;applyBackgroundUpdates&amp;quot;:1,&amp;quot;skinnable&amp;quot;:true,&amp;quot;size&amp;quot;:24166,&amp;quot;sourceURI&amp;quot;:null,&amp;quot;releaseNotesURI&amp;quot;:null,&amp;quot;softDisabled&amp;quot;:false,&amp;quot;foreignInstall&amp;quot;:false,&amp;quot;hasBinaryComponents&amp;quot;:false,&amp;quot;strictCompatibility&amp;quot;:true,&amp;quot;locales&amp;quot;:[],&amp;quot;targetApplications&amp;quot;:[{&amp;quot;id&amp;quot;:&amp;quot;{ec8030f7-c20a-464f-9b0e-13a3a9e97384}&amp;quot;,&amp;quot;minVersion&amp;quot;:&amp;quot;44.0&amp;quot;,&amp;quot;maxVersion&amp;quot;:&amp;quot;44.0&amp;quot;}],&amp;quot;targetPlatforms&amp;quot;:[]}
1454658710972	addons.xpi	DEBUG	getModTime: Recursive scan of {972ce4c6-7e08-4474-a285-3208198ce6fd}
1454658710974	addons.xpi	DEBUG	Updating XPIState for {&amp;quot;id&amp;quot;:&amp;quot;fiddlerhook@fiddler2.com&amp;quot;,&amp;quot;syncGUID&amp;quot;:&amp;quot;BWaeiwLnTK4J&amp;quot;,&amp;quot;location&amp;quot;:&amp;quot;winreg-app-global&amp;quot;,&amp;quot;version&amp;quot;:&amp;quot;2.5.1.8&amp;quot;,&amp;quot;type&amp;quot;:&amp;quot;extension&amp;quot;,&amp;quot;internalName&amp;quot;:null,&amp;quot;updateURL&amp;quot;:null,&amp;quot;updateKey&amp;quot;:null,&amp;quot;optionsURL&amp;quot;:null,&amp;quot;optionsType&amp;quot;:null,&amp;quot;aboutURL&amp;quot;:&amp;quot;chrome://fiddlerhook/content/about.xul&amp;quot;,&amp;quot;icons&amp;quot;:{},&amp;quot;iconURL&amp;quot;:&amp;quot;chrome://fiddlerhook/content/fiddlerhook.png&amp;quot;,&amp;quot;icon64URL&amp;quot;:null,&amp;quot;defaultLocale&amp;quot;:{&amp;quot;name&amp;quot;:&amp;quot;FiddlerHook&amp;quot;,&amp;quot;description&amp;quot;:&amp;quot;Integrate Fiddler into Firefox&amp;quot;,&amp;quot;creator&amp;quot;:&amp;quot;Telerik&amp;quot;,&amp;quot;homepageURL&amp;quot;:&amp;quot;https://fiddler2.com/r/?FIDDLERHOOKHELP&amp;quot;},&amp;quot;visible&amp;quot;:true,&amp;quot;active&amp;quot;:false,&amp;quot;userDisabled&amp;quot;:true,&amp;quot;appDisabled&amp;quot;:true,&amp;quot;descriptor&amp;quot;:&amp;quot;C:\\Program Files (x86)\\Fiddler2\\FiddlerHook&amp;quot;,&amp;quot;installDate&amp;quot;:1440131992017,&amp;quot;updateDate&amp;quot;:1440131992017,&amp;quot;applyBackgroundUpdates&amp;quot;:1,&amp;quot;bootstrap&amp;quot;:false,&amp;quot;size&amp;quot;:33903,&amp;quot;sourceURI&amp;quot;:null,&amp;quot;releaseNotesURI&amp;quot;:null,&amp;quot;softDisabled&amp;quot;:false,&amp;quot;foreignInstall&amp;quot;:true,&amp;quot;hasBinaryComponents&amp;quot;:false,&amp;quot;strictCompatibility&amp;quot;:false,&amp;quot;locales&amp;quot;:[],&amp;quot;targetApplications&amp;quot;:[{&amp;quot;id&amp;quot;:&amp;quot;{ec8030f7-c20a-464f-9b0e-13a3a9e97384}&amp;quot;,&amp;quot;minVersion&amp;quot;:&amp;quot;4.0&amp;quot;,&amp;quot;maxVersion&amp;quot;:&amp;quot;42.*&amp;quot;}],&amp;quot;targetPlatforms&amp;quot;:[],&amp;quot;multiprocessCompatible&amp;quot;:false,&amp;quot;signedState&amp;quot;:0}
1454658710974	DeferredSave.extensions.json	DEBUG	Save changes
1454658710974	addons.xpi	DEBUG	Updating database with changes to installed add-ons
1454658710974	addons.xpi-utils	DEBUG	Updating add-on states
1454658710976	addons.xpi-utils	DEBUG	Writing add-ons list
1454658710990	addons.manager	DEBUG	Registering shutdown blocker for XPIProvider
1454658710990	addons.manager	DEBUG	Provider finished startup: XPIProvider
1454658710990	addons.manager	DEBUG	Starting provider: LightweightThemeManager
1454658710990	addons.manager	DEBUG	Registering shutdown blocker for LightweightThemeManager
1454658710991	addons.manager	DEBUG	Provider finished startup: LightweightThemeManager
1454658710991	addons.manager	DEBUG	Starting provider: GMPProvider
1454658711000	addons.manager	DEBUG	Registering shutdown blocker for GMPProvider
1454658711000	addons.manager	DEBUG	Provider finished startup: GMPProvider
1454658711000	addons.manager	DEBUG	Starting provider: PluginProvider
1454658711000	addons.manager	DEBUG	Registering shutdown blocker for PluginProvider
1454658711001	addons.manager	DEBUG	Provider finished startup: PluginProvider
1454658711001	addons.manager	DEBUG	Completed startup sequence
1454658711400	addons.manager	DEBUG	Starting provider: &amp;lt;unnamed-provider&amp;gt;
1454658711400	addons.manager	DEBUG	Registering shutdown blocker for &amp;lt;unnamed-provider&amp;gt;
1454658711400	addons.manager	DEBUG	Provider finished startup: &amp;lt;unnamed-provider&amp;gt;
1454658711593	DeferredSave.extensions.json	DEBUG	Starting write
1454658711901	addons.repository	DEBUG	No addons.json found.
1454658711901	DeferredSave.addons.json	DEBUG	Save changes
1454658711905	DeferredSave.addons.json	DEBUG	Starting timer
1454658711923	addons.manager	DEBUG	Starting provider: PreviousExperimentProvider
1454658711923	addons.manager	DEBUG	Registering shutdown blocker for PreviousExperimentProvider
1454658711924	addons.manager	DEBUG	Provider finished startup: PreviousExperimentProvider
1454658711929	DeferredSave.extensions.json	DEBUG	Write succeeded
1454658711931	addons.xpi-utils	DEBUG	XPI Database saved, setting schema version preference to 17
1454658711964	DeferredSave.addons.json	DEBUG	Starting write
1454658712007	DeferredSave.addons.json	DEBUG	Write succeeded

Build info: version: &amp;apos;2.47.1&amp;apos;, revision: &amp;apos;411b314&amp;apos;, time: &amp;apos;2015-07-30 02:56:46&amp;apos;
System info: host: &amp;apos;wqa-test-PC&amp;apos;, ip: &amp;apos;192.168.0.13&amp;apos;, os.name: &amp;apos;Windows 10&amp;apos;, os.arch: &amp;apos;amd64&amp;apos;, os.version: &amp;apos;10.0&amp;apos;, java.version: &amp;apos;1.8.0_66&amp;apos;
Driver info: driver.version: FirefoxDriver">
      <![CDATA[org.openqa.selenium.WebDriverException: Failed to connect to binary FirefoxBinary(C:\Program Files (x86)\Mozilla Firefox\firefox.exe) on port 7055; process output follows: 
 Contributors"]},"visible":true,"active":true,"userDisabled":false,"appDisabled":false,"descriptor":"C:\\Program Files (x86)\\Mozilla Firefox\\browser\\extensions\\{972ce4c6-7e08-4474-a285-3208198ce6fd}","installDate":1454649944088,"updateDate":1454649944088,"applyBackgroundUpdates":1,"skinnable":true,"size":24166,"sourceURI":null,"releaseNotesURI":null,"softDisabled":false,"foreignInstall":false,"hasBinaryComponents":false,"strictCompatibility":true,"locales":[],"targetApplications":[{"id":"{ec8030f7-c20a-464f-9b0e-13a3a9e97384}","minVersion":"44.0","maxVersion":"44.0"}],"targetPlatforms":[]}
1454658710972	addons.xpi	DEBUG	getModTime: Recursive scan of {972ce4c6-7e08-4474-a285-3208198ce6fd}
1454658710974	addons.xpi	DEBUG	Updating XPIState for {"id":"fiddlerhook@fiddler2.com","syncGUID":"BWaeiwLnTK4J","location":"winreg-app-global","version":"2.5.1.8","type":"extension","internalName":null,"updateURL":null,"updateKey":null,"optionsURL":null,"optionsType":null,"aboutURL":"chrome://fiddlerhook/content/about.xul","icons":{},"iconURL":"chrome://fiddlerhook/content/fiddlerhook.png","icon64URL":null,"defaultLocale":{"name":"FiddlerHook","description":"Integrate Fiddler into Firefox","creator":"Telerik","homepageURL":"https://fiddler2.com/r/?FIDDLERHOOKHELP"},"visible":true,"active":false,"userDisabled":true,"appDisabled":true,"descriptor":"C:\\Program Files (x86)\\Fiddler2\\FiddlerHook","installDate":1440131992017,"updateDate":1440131992017,"applyBackgroundUpdates":1,"bootstrap":false,"size":33903,"sourceURI":null,"releaseNotesURI":null,"softDisabled":false,"foreignInstall":true,"hasBinaryComponents":false,"strictCompatibility":false,"locales":[],"targetApplications":[{"id":"{ec8030f7-c20a-464f-9b0e-13a3a9e97384}","minVersion":"4.0","maxVersion":"42.*"}],"targetPlatforms":[],"multiprocessCompatible":false,"signedState":0}
1454658710974	DeferredSave.extensions.json	DEBUG	Save changes
1454658710974	addons.xpi	DEBUG	Updating database with changes to installed add-ons
1454658710974	addons.xpi-utils	DEBUG	Updating add-on states
1454658710976	addons.xpi-utils	DEBUG	Writing add-ons list
1454658710990	addons.manager	DEBUG	Registering shutdown blocker for XPIProvider
1454658710990	addons.manager	DEBUG	Provider finished startup: XPIProvider
1454658710990	addons.manager	DEBUG	Starting provider: LightweightThemeManager
1454658710990	addons.manager	DEBUG	Registering shutdown blocker for LightweightThemeManager
1454658710991	addons.manager	DEBUG	Provider finished startup: LightweightThemeManager
1454658710991	addons.manager	DEBUG	Starting provider: GMPProvider
1454658711000	addons.manager	DEBUG	Registering shutdown blocker for GMPProvider
1454658711000	addons.manager	DEBUG	Provider finished startup: GMPProvider
1454658711000	addons.manager	DEBUG	Starting provider: PluginProvider
1454658711000	addons.manager	DEBUG	Registering shutdown blocker for PluginProvider
1454658711001	addons.manager	DEBUG	Provider finished startup: PluginProvider
1454658711001	addons.manager	DEBUG	Completed startup sequence
1454658711400	addons.manager	DEBUG	Starting provider: <unnamed-provider>
1454658711400	addons.manager	DEBUG	Registering shutdown blocker for <unnamed-provider>
1454658711400	addons.manager	DEBUG	Provider finished startup: <unnamed-provider>
1454658711593	DeferredSave.extensions.json	DEBUG	Starting write
1454658711901	addons.repository	DEBUG	No addons.json found.
1454658711901	DeferredSave.addons.json	DEBUG	Save changes
1454658711905	DeferredSave.addons.json	DEBUG	Starting timer
1454658711923	addons.manager	DEBUG	Starting provider: PreviousExperimentProvider
1454658711923	addons.manager	DEBUG	Registering shutdown blocker for PreviousExperimentProvider
1454658711924	addons.manager	DEBUG	Provider finished startup: PreviousExperimentProvider
1454658711929	DeferredSave.extensions.json	DEBUG	Write succeeded
1454658711931	addons.xpi-utils	DEBUG	XPI Database saved, setting schema version preference to 17
1454658711964	DeferredSave.addons.json	DEBUG	Starting write
1454658712007	DeferredSave.addons.json	DEBUG	Write succeeded

Build info: version: '2.47.1', revision: '411b314', time: '2015-07-30 02:56:46'
System info: host: 'wqa-test-PC', ip: '192.168.0.13', os.name: 'Windows 10', os.arch: 'amd64', os.version: '10.0', java.version: '1.8.0_66'
Driver info: driver.version: FirefoxDriver
	at org.openqa.selenium.firefox.internal.NewProfileExtensionConnection.start(NewProfileExtensionConnection.java:134)
	at org.openqa.selenium.firefox.FirefoxDriver.startClient(FirefoxDriver.java:276)
	at org.openqa.selenium.remote.RemoteWebDriver.<init>(RemoteWebDriver.java:116)
	at org.openqa.selenium.firefox.FirefoxDriver.<init>(FirefoxDriver.java:223)
	at org.openqa.selenium.firefox.FirefoxDriver.<init>(FirefoxDriver.java:216)
	at org.openqa.selenium.firefox.FirefoxDriver.<init>(FirefoxDriver.java:134)
	at utlilities.TestBase.getWebDriver(TestBase.java:95)
	at utlilities.TestBase.initBeforeMethod(TestBase.java:50)
	at tests.acceptanceTestCases.TestHomePage.setUp(TestHomePage.java:28)
	at java.util.concurrent.ThreadPoolExecutor.runWorker(Unknown Source)
	at java.util.concurrent.ThreadPoolExecutor$Worker.run(Unknown Source)
	at java.lang.Thread.run(Unknown Source)
Caused by: org.openqa.selenium.firefox.NotConnectedException: Unable to connect to host 127.0.0.1 on port 7055 after 45000 ms. Firefox console output:
 Contributors"]},"visible":true,"active":true,"userDisabled":false,"appDisabled":false,"descriptor":"C:\\Program Files (x86)\\Mozilla Firefox\\browser\\extensions\\{972ce4c6-7e08-4474-a285-3208198ce6fd}","installDate":1454649944088,"updateDate":1454649944088,"applyBackgroundUpdates":1,"skinnable":true,"size":24166,"sourceURI":null,"releaseNotesURI":null,"softDisabled":false,"foreignInstall":false,"hasBinaryComponents":false,"strictCompatibility":true,"locales":[],"targetApplications":[{"id":"{ec8030f7-c20a-464f-9b0e-13a3a9e97384}","minVersion":"44.0","maxVersion":"44.0"}],"targetPlatforms":[]}
1454658710972	addons.xpi	DEBUG	getModTime: Recursive scan of {972ce4c6-7e08-4474-a285-3208198ce6fd}
1454658710974	addons.xpi	DEBUG	Updating XPIState for {"id":"fiddlerhook@fiddler2.com","syncGUID":"BWaeiwLnTK4J","location":"winreg-app-global","version":"2.5.1.8","type":"extension","internalName":null,"updateURL":null,"updateKey":null,"optionsURL":null,"optionsType":null,"aboutURL":"chrome://fiddlerhook/content/about.xul","icons":{},"iconURL":"chrome://fiddlerhook/content/fiddlerhook.png","icon64URL":null,"defaultLocale":{"name":"FiddlerHook","description":"Integrate Fiddler into Firefox","creator":"Telerik","homepageURL":"https://fiddler2.com/r/?FIDDLERHOOKHELP"},"visible":true,"active":false,"userDisabled":true,"appDisabled":true,"descriptor":"C:\\Program Files (x86)\\Fiddler2\\FiddlerHook","installDate":1440131992017,"updateDate":1440131992017,"applyBackgroundUpdates":1,"bootstrap":false,"size":33903,"sourceURI":null,"releaseNotesURI":null,"softDisabled":false,"foreignInstall":true,"hasBinaryComponents":false,"strictCompatibility":false,"locales":[],"targetApplications":[{"id":"{ec8030f7-c20a-464f-9b0e-13a3a9e97384}","minVersion":"4.0","maxVersion":"42.*"}],"targetPlatforms":[],"multiprocessCompatible":false,"signedState":0}
1454658710974	DeferredSave.extensions.json	DEBUG	Save changes
1454658710974	addons.xpi	DEBUG	Updating database with changes to installed add-ons
1454658710974	addons.xpi-utils	DEBUG	Updating add-on states
1454658710976	addons.xpi-utils	DEBUG	Writing add-ons list
1454658710990	addons.manager	DEBUG	Registering shutdown blocker for XPIProvider
1454658710990	addons.manager	DEBUG	Provider finished startup: XPIProvider
1454658710990	addons.manager	DEBUG	Starting provider: LightweightThemeManager
1454658710990	addons.manager	DEBUG	Registering shutdown blocker for LightweightThemeManager
1454658710991	addons.manager	DEBUG	Provider finished startup: LightweightThemeManager
1454658710991	addons.manager	DEBUG	Starting provider: GMPProvider
1454658711000	addons.manager	DEBUG	Registering shutdown blocker for GMPProvider
1454658711000	addons.manager	DEBUG	Provider finished startup: GMPProvider
1454658711000	addons.manager	DEBUG	Starting provider: PluginProvider
1454658711000	addons.manager	DEBUG	Registering shutdown blocker for PluginProvider
1454658711001	addons.manager	DEBUG	Provider finished startup: PluginProvider
1454658711001	addons.manager	DEBUG	Completed startup sequence
1454658711400	addons.manager	DEBUG	Starting provider: <unnamed-provider>
1454658711400	addons.manager	DEBUG	Registering shutdown blocker for <unnamed-provider>
1454658711400	addons.manager	DEBUG	Provider finished startup: <unnamed-provider>
1454658711593	DeferredSave.extensions.json	DEBUG	Starting write
1454658711901	addons.repository	DEBUG	No addons.json found.
1454658711901	DeferredSave.addons.json	DEBUG	Save changes
1454658711905	DeferredSave.addons.json	DEBUG	Starting timer
1454658711923	addons.manager	DEBUG	Starting provider: PreviousExperimentProvider
1454658711923	addons.manager	DEBUG	Registering shutdown blocker for PreviousExperimentProvider
1454658711924	addons.manager	DEBUG	Provider finished startup: PreviousExperimentProvider
1454658711929	DeferredSave.extensions.json	DEBUG	Write succeeded
1454658711931	addons.xpi-utils	DEBUG	XPI Database saved, setting schema version preference to 17
1454658711964	DeferredSave.addons.json	DEBUG	Starting write
1454658712007	DeferredSave.addons.json	DEBUG	Write succeeded

	at org.openqa.selenium.firefox.internal.NewProfileExtensionConnection.start(NewProfileExtensionConnection.java:122)
	... 23 more
... Removed 12 stack frames]]>
    </failure>
  </testcase> <!-- @BeforeMethod setUp -->
  <testcase name="@AfterMethod tearDown" time="0.0" classname="tests.acceptanceTestCases.TestHomePage">
    <skipped/>
  </testcase> <!-- @AfterMethod tearDown -->
  <testcase name="@BeforeMethod setUp" time="0.0" classname="tests.acceptanceTestCases.TestHomePage">
    <skipped/>
  </testcase> <!-- @BeforeMethod setUp -->
  <testcase name="@AfterMethod tearDown" time="0.0" classname="tests.acceptanceTestCases.TestHomePage">
    <skipped/>
  </testcase> <!-- @AfterMethod tearDown -->
  <testcase name="@BeforeMethod setUp" time="0.0" classname="tests.acceptanceTestCases.TestHomePage">
    <skipped/>
  </testcase> <!-- @BeforeMethod setUp -->
  <testcase name="@AfterMethod tearDown" time="0.0" classname="tests.acceptanceTestCases.TestHomePage">
    <skipped/>
  </testcase> <!-- @AfterMethod tearDown -->
  <testcase name="@BeforeMethod setUp" time="0.0" classname="tests.acceptanceTestCases.TestHomePage">
    <skipped/>
  </testcase> <!-- @BeforeMethod setUp -->
  <testcase name="@AfterMethod tearDown" time="0.0" classname="tests.acceptanceTestCases.TestHomePage">
    <skipped/>
  </testcase> <!-- @AfterMethod tearDown -->
  <testcase name="@BeforeMethod setUp" time="0.0" classname="tests.acceptanceTestCases.TestHomePage">
    <skipped/>
  </testcase> <!-- @BeforeMethod setUp -->
  <testcase name="@AfterMethod tearDown" time="0.0" classname="tests.acceptanceTestCases.TestHomePage">
    <skipped/>
  </testcase> <!-- @AfterMethod tearDown -->
  <testcase name="@BeforeMethod setUp" time="0.0" classname="tests.acceptanceTestCases.TestHomePage">
    <skipped/>
  </testcase> <!-- @BeforeMethod setUp -->
  <testcase name="@AfterMethod tearDown" time="0.0" classname="tests.acceptanceTestCases.TestHomePage">
    <skipped/>
  </testcase> <!-- @AfterMethod tearDown -->
  <testcase name="testAllBooksWithDefaultTax" time="0.0" classname="tests.acceptanceTestCases.TestHomePage">
    <skipped/>
  </testcase> <!-- testAllBooksWithDefaultTax -->
  <testcase name="testAllBooksWithMaximumAvailableBooksFromWY" time="0.0" classname="tests.acceptanceTestCases.TestHomePage">
    <skipped/>
  </testcase> <!-- testAllBooksWithMaximumAvailableBooksFromWY -->
  <testcase name="testAllBooksWithMinimumAvailableBooksFromTX" time="0.0" classname="tests.acceptanceTestCases.TestHomePage">
    <skipped/>
  </testcase> <!-- testAllBooksWithMinimumAvailableBooksFromTX -->
  <testcase name="testElephantFromMN" time="0.001" classname="tests.acceptanceTestCases.TestHomePage">
    <skipped/>
  </testcase> <!-- testElephantFromMN -->
  <testcase name="testLionFromNY" time="0.001" classname="tests.acceptanceTestCases.TestHomePage">
    <skipped/>
  </testcase> <!-- testLionFromNY -->
  <testcase name="testZebraFromCA" time="0.001" classname="tests.acceptanceTestCases.TestHomePage">
    <skipped/>
  </testcase> <!-- testZebraFromCA -->
</testsuite> <!-- Test -->
