<?xml version="1.0" encoding="UTF-8"?>
<testng-results skipped="6" failed="0" total="6" passed="0">
  <reporter-output>
  </reporter-output>
  <suite name="Suite" duration-ms="47528" started-at="2016-02-05T07:51:48Z" finished-at="2016-02-05T07:52:36Z">
    <groups>
    </groups>
    <test name="Test" duration-ms="47528" started-at="2016-02-05T07:51:48Z" finished-at="2016-02-05T07:52:36Z">
      <class name="tests.acceptanceTestCases.TestHomePage">
        <test-method status="PASS" signature="beforeClass()[pri:0, instance:tests.acceptanceTestCases.TestHomePage@246ae04d]" name="beforeClass" is-config="true" duration-ms="35" started-at="2016-02-04T23:51:48Z" finished-at="2016-02-04T23:51:48Z">
          <reporter-output>
          </reporter-output>
        </test-method> <!-- beforeClass -->
        <test-method status="FAIL" signature="setUp()[pri:0, instance:tests.acceptanceTestCases.TestHomePage@246ae04d]" name="setUp" is-config="true" duration-ms="0" started-at="2016-02-04T23:51:48Z" finished-at="2016-02-04T23:51:48Z">
          <exception class="org.openqa.selenium.WebDriverException">
            <message>
              <![CDATA[Failed to connect to binary FirefoxBinary(C:\Program Files (x86)\Mozilla Firefox\firefox.exe) on port 7055; process output follows: 
 Contributors"]},"visible":true,"active":true,"userDisabled":false,"appDisabled":false,"descriptor":"C:\\Program Files (x86)\\Mozilla Firefox\\browser\\extensions\\{972ce4c6-7e08-4474-a285-3208198ce6fd}","installDate":1454649944088,"updateDate":1454649944088,"applyBackgroundUpdates":1,"skinnable":true,"size":24166,"sourceURI":null,"releaseNotesURI":null,"softDisabled":false,"foreignInstall":false,"hasBinaryComponents":false,"strictCompatibility":true,"locales":[],"targetApplications":[{"id":"{ec8030f7-c20a-464f-9b0e-13a3a9e97384}","minVersion":"44.0","maxVersion":"44.0"}],"targetPlatforms":[]}
1454658710972	addons.xpi	DEBUG	getModTime: Recursive scan of {972ce4c6-7e08-4474-a285-3208198ce6fd}
1454658710974	addons.xpi	DEBUG	Updating XPIState for {"id":"fiddlerhook@fiddler2.com","syncGUID":"BWaeiwLnTK4J","location":"winreg-app-global","version":"2.5.1.8","type":"extension","internalName":null,"updateURL":null,"updateKey":null,"optionsURL":null,"optionsType":null,"aboutURL":"chrome://fiddlerhook/content/about.xul","icons":{},"iconURL":"chrome://fiddlerhook/content/fiddlerhook.png","icon64URL":null,"defaultLocale":{"name":"FiddlerHook","description":"Integrate Fiddler into Firefox","creator":"Telerik","homepageURL":"https://fiddler2.com/r/?FIDDLERHOOKHELP"},"visible":true,"active":false,"userDisabled":true,"appDisabled":true,"descriptor":"C:\\Program Files (x86)\\Fiddler2\\FiddlerHook","installDate":1440131992017,"updateDate":1440131992017,"applyBackgroundUpdates":1,"bootstrap":false,"size":33903,"sourceURI":null,"releaseNotesURI":null,"softDisabled":false,"foreignInstall":true,"hasBinaryComponents":false,"strictCompatibility":false,"locales":[],"targetApplications":[{"id":"{ec8030f7-c20a-464f-9b0e-13a3a9e97384}","minVersion":"4.0","maxVersion":"42.*"}],"targetPlatforms":[],"multiprocessCompatible":false,"signedState":0}
1454658710974	DeferredSave.extensions.json	DEBUG	Save changes
1454658710974	addons.xpi	DEBUG	Updating database with changes to installed add-ons
1454658710974	addons.xpi-utils	DEBUG	Updating add-on states
1454658710976	addons.xpi-utils	DEBUG	Writing add-ons list
1454658710990	addons.manager	DEBUG	Registering shutdown blocker for XPIProvider
1454658710990	addons.manager	DEBUG	Provider finished startup: XPIProvider
1454658710990	addons.manager	DEBUG	Starting provider: LightweightThemeManager
1454658710990	addons.manager	DEBUG	Registering shutdown blocker for LightweightThemeManager
1454658710991	addons.manager	DEBUG	Provider finished startup: LightweightThemeManager
1454658710991	addons.manager	DEBUG	Starting provider: GMPProvider
1454658711000	addons.manager	DEBUG	Registering shutdown blocker for GMPProvider
1454658711000	addons.manager	DEBUG	Provider finished startup: GMPProvider
1454658711000	addons.manager	DEBUG	Starting provider: PluginProvider
1454658711000	addons.manager	DEBUG	Registering shutdown blocker for PluginProvider
1454658711001	addons.manager	DEBUG	Provider finished startup: PluginProvider
1454658711001	addons.manager	DEBUG	Completed startup sequence
1454658711400	addons.manager	DEBUG	Starting provider: <unnamed-provider>
1454658711400	addons.manager	DEBUG	Registering shutdown blocker for <unnamed-provider>
1454658711400	addons.manager	DEBUG	Provider finished startup: <unnamed-provider>
1454658711593	DeferredSave.extensions.json	DEBUG	Starting write
1454658711901	addons.repository	DEBUG	No addons.json found.
1454658711901	DeferredSave.addons.json	DEBUG	Save changes
1454658711905	DeferredSave.addons.json	DEBUG	Starting timer
1454658711923	addons.manager	DEBUG	Starting provider: PreviousExperimentProvider
1454658711923	addons.manager	DEBUG	Registering shutdown blocker for PreviousExperimentProvider
1454658711924	addons.manager	DEBUG	Provider finished startup: PreviousExperimentProvider
1454658711929	DeferredSave.extensions.json	DEBUG	Write succeeded
1454658711931	addons.xpi-utils	DEBUG	XPI Database saved, setting schema version preference to 17
1454658711964	DeferredSave.addons.json	DEBUG	Starting write
1454658712007	DeferredSave.addons.json	DEBUG	Write succeeded

Build info: version: '2.47.1', revision: '411b314', time: '2015-07-30 02:56:46'
System info: host: 'wqa-test-PC', ip: '192.168.0.13', os.name: 'Windows 10', os.arch: 'amd64', os.version: '10.0', java.version: '1.8.0_66'
Driver info: driver.version: FirefoxDriver]]>
            </message>
            <full-stacktrace>
              <![CDATA[org.openqa.selenium.WebDriverException: Failed to connect to binary FirefoxBinary(C:\Program Files (x86)\Mozilla Firefox\firefox.exe) on port 7055; process output follows: 
 Contributors"]},"visible":true,"active":true,"userDisabled":false,"appDisabled":false,"descriptor":"C:\\Program Files (x86)\\Mozilla Firefox\\browser\\extensions\\{972ce4c6-7e08-4474-a285-3208198ce6fd}","installDate":1454649944088,"updateDate":1454649944088,"applyBackgroundUpdates":1,"skinnable":true,"size":24166,"sourceURI":null,"releaseNotesURI":null,"softDisabled":false,"foreignInstall":false,"hasBinaryComponents":false,"strictCompatibility":true,"locales":[],"targetApplications":[{"id":"{ec8030f7-c20a-464f-9b0e-13a3a9e97384}","minVersion":"44.0","maxVersion":"44.0"}],"targetPlatforms":[]}
1454658710972	addons.xpi	DEBUG	getModTime: Recursive scan of {972ce4c6-7e08-4474-a285-3208198ce6fd}
1454658710974	addons.xpi	DEBUG	Updating XPIState for {"id":"fiddlerhook@fiddler2.com","syncGUID":"BWaeiwLnTK4J","location":"winreg-app-global","version":"2.5.1.8","type":"extension","internalName":null,"updateURL":null,"updateKey":null,"optionsURL":null,"optionsType":null,"aboutURL":"chrome://fiddlerhook/content/about.xul","icons":{},"iconURL":"chrome://fiddlerhook/content/fiddlerhook.png","icon64URL":null,"defaultLocale":{"name":"FiddlerHook","description":"Integrate Fiddler into Firefox","creator":"Telerik","homepageURL":"https://fiddler2.com/r/?FIDDLERHOOKHELP"},"visible":true,"active":false,"userDisabled":true,"appDisabled":true,"descriptor":"C:\\Program Files (x86)\\Fiddler2\\FiddlerHook","installDate":1440131992017,"updateDate":1440131992017,"applyBackgroundUpdates":1,"bootstrap":false,"size":33903,"sourceURI":null,"releaseNotesURI":null,"softDisabled":false,"foreignInstall":true,"hasBinaryComponents":false,"strictCompatibility":false,"locales":[],"targetApplications":[{"id":"{ec8030f7-c20a-464f-9b0e-13a3a9e97384}","minVersion":"4.0","maxVersion":"42.*"}],"targetPlatforms":[],"multiprocessCompatible":false,"signedState":0}
1454658710974	DeferredSave.extensions.json	DEBUG	Save changes
1454658710974	addons.xpi	DEBUG	Updating database with changes to installed add-ons
1454658710974	addons.xpi-utils	DEBUG	Updating add-on states
1454658710976	addons.xpi-utils	DEBUG	Writing add-ons list
1454658710990	addons.manager	DEBUG	Registering shutdown blocker for XPIProvider
1454658710990	addons.manager	DEBUG	Provider finished startup: XPIProvider
1454658710990	addons.manager	DEBUG	Starting provider: LightweightThemeManager
1454658710990	addons.manager	DEBUG	Registering shutdown blocker for LightweightThemeManager
1454658710991	addons.manager	DEBUG	Provider finished startup: LightweightThemeManager
1454658710991	addons.manager	DEBUG	Starting provider: GMPProvider
1454658711000	addons.manager	DEBUG	Registering shutdown blocker for GMPProvider
1454658711000	addons.manager	DEBUG	Provider finished startup: GMPProvider
1454658711000	addons.manager	DEBUG	Starting provider: PluginProvider
1454658711000	addons.manager	DEBUG	Registering shutdown blocker for PluginProvider
1454658711001	addons.manager	DEBUG	Provider finished startup: PluginProvider
1454658711001	addons.manager	DEBUG	Completed startup sequence
1454658711400	addons.manager	DEBUG	Starting provider: <unnamed-provider>
1454658711400	addons.manager	DEBUG	Registering shutdown blocker for <unnamed-provider>
1454658711400	addons.manager	DEBUG	Provider finished startup: <unnamed-provider>
1454658711593	DeferredSave.extensions.json	DEBUG	Starting write
1454658711901	addons.repository	DEBUG	No addons.json found.
1454658711901	DeferredSave.addons.json	DEBUG	Save changes
1454658711905	DeferredSave.addons.json	DEBUG	Starting timer
1454658711923	addons.manager	DEBUG	Starting provider: PreviousExperimentProvider
1454658711923	addons.manager	DEBUG	Registering shutdown blocker for PreviousExperimentProvider
1454658711924	addons.manager	DEBUG	Provider finished startup: PreviousExperimentProvider
1454658711929	DeferredSave.extensions.json	DEBUG	Write succeeded
1454658711931	addons.xpi-utils	DEBUG	XPI Database saved, setting schema version preference to 17
1454658711964	DeferredSave.addons.json	DEBUG	Starting write
1454658712007	DeferredSave.addons.json	DEBUG	Write succeeded

Build info: version: '2.47.1', revision: '411b314', time: '2015-07-30 02:56:46'
System info: host: 'wqa-test-PC', ip: '192.168.0.13', os.name: 'Windows 10', os.arch: 'amd64', os.version: '10.0', java.version: '1.8.0_66'
Driver info: driver.version: FirefoxDriver
	at org.openqa.selenium.firefox.internal.NewProfileExtensionConnection.start(NewProfileExtensionConnection.java:134)
	at org.openqa.selenium.firefox.FirefoxDriver.startClient(FirefoxDriver.java:276)
	at org.openqa.selenium.remote.RemoteWebDriver.<init>(RemoteWebDriver.java:116)
	at org.openqa.selenium.firefox.FirefoxDriver.<init>(FirefoxDriver.java:223)
	at org.openqa.selenium.firefox.FirefoxDriver.<init>(FirefoxDriver.java:216)
	at org.openqa.selenium.firefox.FirefoxDriver.<init>(FirefoxDriver.java:134)
	at utlilities.TestBase.getWebDriver(TestBase.java:95)
	at utlilities.TestBase.initBeforeMethod(TestBase.java:50)
	at tests.acceptanceTestCases.TestHomePage.setUp(TestHomePage.java:28)
	at sun.reflect.NativeMethodAccessorImpl.invoke0(Native Method)
	at sun.reflect.NativeMethodAccessorImpl.invoke(Unknown Source)
	at sun.reflect.DelegatingMethodAccessorImpl.invoke(Unknown Source)
	at java.lang.reflect.Method.invoke(Unknown Source)
	at org.testng.internal.MethodInvocationHelper.invokeMethod(MethodInvocationHelper.java:85)
	at org.testng.internal.Invoker.invokeConfigurationMethod(Invoker.java:510)
	at org.testng.internal.Invoker.invokeConfigurations(Invoker.java:211)
	at org.testng.internal.Invoker.invokeMethod(Invoker.java:585)
	at org.testng.internal.Invoker.invokeTestMethod(Invoker.java:816)
	at org.testng.internal.Invoker.invokeTestMethods(Invoker.java:1124)
	at org.testng.internal.TestMethodWorker.invokeTestMethods(TestMethodWorker.java:125)
	at org.testng.internal.TestMethodWorker.run(TestMethodWorker.java:108)
	at java.util.concurrent.ThreadPoolExecutor.runWorker(Unknown Source)
	at java.util.concurrent.ThreadPoolExecutor$Worker.run(Unknown Source)
	at java.lang.Thread.run(Unknown Source)
Caused by: org.openqa.selenium.firefox.NotConnectedException: Unable to connect to host 127.0.0.1 on port 7055 after 45000 ms. Firefox console output:
 Contributors"]},"visible":true,"active":true,"userDisabled":false,"appDisabled":false,"descriptor":"C:\\Program Files (x86)\\Mozilla Firefox\\browser\\extensions\\{972ce4c6-7e08-4474-a285-3208198ce6fd}","installDate":1454649944088,"updateDate":1454649944088,"applyBackgroundUpdates":1,"skinnable":true,"size":24166,"sourceURI":null,"releaseNotesURI":null,"softDisabled":false,"foreignInstall":false,"hasBinaryComponents":false,"strictCompatibility":true,"locales":[],"targetApplications":[{"id":"{ec8030f7-c20a-464f-9b0e-13a3a9e97384}","minVersion":"44.0","maxVersion":"44.0"}],"targetPlatforms":[]}
1454658710972	addons.xpi	DEBUG	getModTime: Recursive scan of {972ce4c6-7e08-4474-a285-3208198ce6fd}
1454658710974	addons.xpi	DEBUG	Updating XPIState for {"id":"fiddlerhook@fiddler2.com","syncGUID":"BWaeiwLnTK4J","location":"winreg-app-global","version":"2.5.1.8","type":"extension","internalName":null,"updateURL":null,"updateKey":null,"optionsURL":null,"optionsType":null,"aboutURL":"chrome://fiddlerhook/content/about.xul","icons":{},"iconURL":"chrome://fiddlerhook/content/fiddlerhook.png","icon64URL":null,"defaultLocale":{"name":"FiddlerHook","description":"Integrate Fiddler into Firefox","creator":"Telerik","homepageURL":"https://fiddler2.com/r/?FIDDLERHOOKHELP"},"visible":true,"active":false,"userDisabled":true,"appDisabled":true,"descriptor":"C:\\Program Files (x86)\\Fiddler2\\FiddlerHook","installDate":1440131992017,"updateDate":1440131992017,"applyBackgroundUpdates":1,"bootstrap":false,"size":33903,"sourceURI":null,"releaseNotesURI":null,"softDisabled":false,"foreignInstall":true,"hasBinaryComponents":false,"strictCompatibility":false,"locales":[],"targetApplications":[{"id":"{ec8030f7-c20a-464f-9b0e-13a3a9e97384}","minVersion":"4.0","maxVersion":"42.*"}],"targetPlatforms":[],"multiprocessCompatible":false,"signedState":0}
1454658710974	DeferredSave.extensions.json	DEBUG	Save changes
1454658710974	addons.xpi	DEBUG	Updating database with changes to installed add-ons
1454658710974	addons.xpi-utils	DEBUG	Updating add-on states
1454658710976	addons.xpi-utils	DEBUG	Writing add-ons list
1454658710990	addons.manager	DEBUG	Registering shutdown blocker for XPIProvider
1454658710990	addons.manager	DEBUG	Provider finished startup: XPIProvider
1454658710990	addons.manager	DEBUG	Starting provider: LightweightThemeManager
1454658710990	addons.manager	DEBUG	Registering shutdown blocker for LightweightThemeManager
1454658710991	addons.manager	DEBUG	Provider finished startup: LightweightThemeManager
1454658710991	addons.manager	DEBUG	Starting provider: GMPProvider
1454658711000	addons.manager	DEBUG	Registering shutdown blocker for GMPProvider
1454658711000	addons.manager	DEBUG	Provider finished startup: GMPProvider
1454658711000	addons.manager	DEBUG	Starting provider: PluginProvider
1454658711000	addons.manager	DEBUG	Registering shutdown blocker for PluginProvider
1454658711001	addons.manager	DEBUG	Provider finished startup: PluginProvider
1454658711001	addons.manager	DEBUG	Completed startup sequence
1454658711400	addons.manager	DEBUG	Starting provider: <unnamed-provider>
1454658711400	addons.manager	DEBUG	Registering shutdown blocker for <unnamed-provider>
1454658711400	addons.manager	DEBUG	Provider finished startup: <unnamed-provider>
1454658711593	DeferredSave.extensions.json	DEBUG	Starting write
1454658711901	addons.repository	DEBUG	No addons.json found.
1454658711901	DeferredSave.addons.json	DEBUG	Save changes
1454658711905	DeferredSave.addons.json	DEBUG	Starting timer
1454658711923	addons.manager	DEBUG	Starting provider: PreviousExperimentProvider
1454658711923	addons.manager	DEBUG	Registering shutdown blocker for PreviousExperimentProvider
1454658711924	addons.manager	DEBUG	Provider finished startup: PreviousExperimentProvider
1454658711929	DeferredSave.extensions.json	DEBUG	Write succeeded
1454658711931	addons.xpi-utils	DEBUG	XPI Database saved, setting schema version preference to 17
1454658711964	DeferredSave.addons.json	DEBUG	Starting write
1454658712007	DeferredSave.addons.json	DEBUG	Write succeeded

	at org.openqa.selenium.firefox.internal.NewProfileExtensionConnection.start(NewProfileExtensionConnection.java:122)
	... 23 more
]]>
            </full-stacktrace>
          </exception> <!-- org.openqa.selenium.WebDriverException -->
          <reporter-output>
          </reporter-output>
        </test-method> <!-- setUp -->
        <test-method status="SKIP" signature="testAllBooksWithDefaultTax()[pri:0, instance:tests.acceptanceTestCases.TestHomePage@246ae04d]" name="testAllBooksWithDefaultTax" duration-ms="0" started-at="2016-02-04T23:52:36Z" finished-at="2016-02-04T23:52:36Z">
          <reporter-output>
          </reporter-output>
        </test-method> <!-- testAllBooksWithDefaultTax -->
        <test-method status="SKIP" signature="tearDown(org.testng.ITestResult)[pri:0, instance:tests.acceptanceTestCases.TestHomePage@246ae04d]" name="tearDown" is-config="true" duration-ms="0" started-at="2016-02-04T23:52:36Z" finished-at="2016-02-04T23:52:36Z">
          <reporter-output>
          </reporter-output>
        </test-method> <!-- tearDown -->
        <test-method status="SKIP" signature="setUp()[pri:0, instance:tests.acceptanceTestCases.TestHomePage@246ae04d]" name="setUp" is-config="true" duration-ms="0" started-at="2016-02-04T23:52:36Z" finished-at="2016-02-04T23:52:36Z">
          <reporter-output>
          </reporter-output>
        </test-method> <!-- setUp -->
        <test-method status="SKIP" signature="testAllBooksWithMaximumAvailableBooksFromWY()[pri:0, instance:tests.acceptanceTestCases.TestHomePage@246ae04d]" name="testAllBooksWithMaximumAvailableBooksFromWY" duration-ms="0" started-at="2016-02-04T23:52:36Z" finished-at="2016-02-04T23:52:36Z">
          <reporter-output>
          </reporter-output>
        </test-method> <!-- testAllBooksWithMaximumAvailableBooksFromWY -->
        <test-method status="SKIP" signature="tearDown(org.testng.ITestResult)[pri:0, instance:tests.acceptanceTestCases.TestHomePage@246ae04d]" name="tearDown" is-config="true" duration-ms="0" started-at="2016-02-04T23:52:36Z" finished-at="2016-02-04T23:52:36Z">
          <reporter-output>
          </reporter-output>
        </test-method> <!-- tearDown -->
        <test-method status="SKIP" signature="testAllBooksWithMinimumAvailableBooksFromTX()[pri:0, instance:tests.acceptanceTestCases.TestHomePage@246ae04d]" name="testAllBooksWithMinimumAvailableBooksFromTX" duration-ms="0" started-at="2016-02-04T23:52:36Z" finished-at="2016-02-04T23:52:36Z">
          <reporter-output>
          </reporter-output>
        </test-method> <!-- testAllBooksWithMinimumAvailableBooksFromTX -->
        <test-method status="SKIP" signature="setUp()[pri:0, instance:tests.acceptanceTestCases.TestHomePage@246ae04d]" name="setUp" is-config="true" duration-ms="0" started-at="2016-02-04T23:52:36Z" finished-at="2016-02-04T23:52:36Z">
          <reporter-output>
          </reporter-output>
        </test-method> <!-- setUp -->
        <test-method status="SKIP" signature="tearDown(org.testng.ITestResult)[pri:0, instance:tests.acceptanceTestCases.TestHomePage@246ae04d]" name="tearDown" is-config="true" duration-ms="0" started-at="2016-02-04T23:52:36Z" finished-at="2016-02-04T23:52:36Z">
          <reporter-output>
          </reporter-output>
        </test-method> <!-- tearDown -->
        <test-method status="SKIP" signature="setUp()[pri:0, instance:tests.acceptanceTestCases.TestHomePage@246ae04d]" name="setUp" is-config="true" duration-ms="0" started-at="2016-02-04T23:52:36Z" finished-at="2016-02-04T23:52:36Z">
          <reporter-output>
          </reporter-output>
        </test-method> <!-- setUp -->
        <test-method status="SKIP" signature="testElephantFromMN()[pri:0, instance:tests.acceptanceTestCases.TestHomePage@246ae04d]" name="testElephantFromMN" duration-ms="1" started-at="2016-02-04T23:52:36Z" finished-at="2016-02-04T23:52:36Z">
          <reporter-output>
          </reporter-output>
        </test-method> <!-- testElephantFromMN -->
        <test-method status="SKIP" signature="tearDown(org.testng.ITestResult)[pri:0, instance:tests.acceptanceTestCases.TestHomePage@246ae04d]" name="tearDown" is-config="true" duration-ms="0" started-at="2016-02-04T23:52:36Z" finished-at="2016-02-04T23:52:36Z">
          <reporter-output>
          </reporter-output>
        </test-method> <!-- tearDown -->
        <test-method status="SKIP" signature="testLionFromNY()[pri:0, instance:tests.acceptanceTestCases.TestHomePage@246ae04d]" name="testLionFromNY" duration-ms="1" started-at="2016-02-04T23:52:36Z" finished-at="2016-02-04T23:52:36Z">
          <reporter-output>
          </reporter-output>
        </test-method> <!-- testLionFromNY -->
        <test-method status="SKIP" signature="setUp()[pri:0, instance:tests.acceptanceTestCases.TestHomePage@246ae04d]" name="setUp" is-config="true" duration-ms="0" started-at="2016-02-04T23:52:36Z" finished-at="2016-02-04T23:52:36Z">
          <reporter-output>
          </reporter-output>
        </test-method> <!-- setUp -->
        <test-method status="SKIP" signature="tearDown(org.testng.ITestResult)[pri:0, instance:tests.acceptanceTestCases.TestHomePage@246ae04d]" name="tearDown" is-config="true" duration-ms="0" started-at="2016-02-04T23:52:36Z" finished-at="2016-02-04T23:52:36Z">
          <reporter-output>
          </reporter-output>
        </test-method> <!-- tearDown -->
        <test-method status="SKIP" signature="testZebraFromCA()[pri:0, instance:tests.acceptanceTestCases.TestHomePage@246ae04d]" name="testZebraFromCA" duration-ms="1" started-at="2016-02-04T23:52:36Z" finished-at="2016-02-04T23:52:36Z">
          <reporter-output>
          </reporter-output>
        </test-method> <!-- testZebraFromCA -->
        <test-method status="SKIP" signature="setUp()[pri:0, instance:tests.acceptanceTestCases.TestHomePage@246ae04d]" name="setUp" is-config="true" duration-ms="0" started-at="2016-02-04T23:52:36Z" finished-at="2016-02-04T23:52:36Z">
          <reporter-output>
          </reporter-output>
        </test-method> <!-- setUp -->
        <test-method status="SKIP" signature="tearDown(org.testng.ITestResult)[pri:0, instance:tests.acceptanceTestCases.TestHomePage@246ae04d]" name="tearDown" is-config="true" duration-ms="0" started-at="2016-02-04T23:52:36Z" finished-at="2016-02-04T23:52:36Z">
          <reporter-output>
          </reporter-output>
        </test-method> <!-- tearDown -->
      </class> <!-- tests.acceptanceTestCases.TestHomePage -->
    </test> <!-- Test -->
  </suite> <!-- Suite -->
</testng-results>
